<?xml version="1.0" encoding="UTF-8"?>
<!-- Generated by org.testng.reporters.JUnitXMLReporter -->
<testsuite ignored="11" hostname="DESKTOP-SOTA0LM" failures="0" tests="6" name="Smoke" time="64.916" errors="0" timestamp="2022-10-05T18:16:44 EDT">
  <testcase classname="com.testcases.SearchResult_Test" name="ProductAvailable_Test" time="5.264"/>
  <testcase classname="com.testcases.Login_Test" name="Login_test" time="6.255"/>
  <testcase classname="com.testcases.Home_Test" name="OrderHistory_Test" time="9.725"/>
  <testcase classname="com.testcases.Home_Test" name="WishList_Test" time="7.18"/>
  <testcase classname="com.testcases.Index_Test" name="Logo_Test" time="0.073"/>
  <testcase classname="com.testcases.Index_Test" name="test_StoreTitle" time="0.01"/>
  <testcase classname="com.base.Base" name="@BeforeSuite Load_Configuration" time="0.0">
    <ignored/>
  </testcase> <!-- @BeforeSuite Load_Configuration -->
  <testcase classname="com.base.Base" name="@BeforeSuite Load_Configuration" time="0.0">
    <ignored/>
  </testcase> <!-- @BeforeSuite Load_Configuration -->
  <testcase classname="com.base.Base" name="@BeforeSuite Load_Configuration" time="0.0">
    <ignored/>
  </testcase> <!-- @BeforeSuite Load_Configuration -->
  <testcase classname="com.testcases.AddToCart_Test" name="AddToCart_test" time="0.0">
    <ignored/>
  </testcase> <!-- AddToCart_test -->
  <testcase classname="com.base.Base" name="@BeforeSuite Load_Configuration" time="0.0">
    <ignored/>
  </testcase> <!-- @BeforeSuite Load_Configuration -->
  <testcase classname="com.base.Base" name="@BeforeSuite Load_Configuration" time="0.0">
    <ignored/>
  </testcase> <!-- @BeforeSuite Load_Configuration -->
  <testcase classname="com.testcases.AccountCreation_Test" name="NewAccountCreation_verify" time="0.0">
    <ignored/>
  </testcase> <!-- NewAccountCreation_verify -->
  <testcase classname="com.testcases.EndToEnd_Test" name="EndToEnd_test" time="0.0">
    <ignored/>
  </testcase> <!-- EndToEnd_test -->
  <testcase classname="com.base.Base" name="@BeforeSuite Load_Configuration" time="0.0">
    <ignored/>
  </testcase> <!-- @BeforeSuite Load_Configuration -->
  <testcase classname="com.testcases.Order_Test" name="TotalPrice_Test" time="0.0">
    <ignored/>
  </testcase> <!-- TotalPrice_Test -->
  <testcase classname="com.base.Base" name="@BeforeSuite Load_Configuration" time="0.0">
    <ignored/>
  </testcase> <!-- @BeforeSuite Load_Configuration -->
</testsuite> <!-- Smoke -->
